{"D:\\artevelde\\pgm_code\\pgm-3\\opdracht-2---a-spotify-api-MarynaSoufi\\src\\app.js": {"path":"D:\\artevelde\\pgm_code\\pgm-3\\opdracht-2---a-spotify-api-MarynaSoufi\\src\\app.js","statementMap":{"0":{"start":{"line":12,"column":0},"end":{"line":12,"column":16}},"1":{"start":{"line":14,"column":12},"end":{"line":14,"column":21}},"2":{"start":{"line":16,"column":17},"end":{"line":16,"column":37}},"3":{"start":{"line":19,"column":0},"end":{"line":19,"column":27}},"4":{"start":{"line":20,"column":0},"end":{"line":20,"column":41}},"5":{"start":{"line":22,"column":0},"end":{"line":22,"column":31}},"6":{"start":{"line":26,"column":0},"end":{"line":31,"column":1}},"7":{"start":{"line":27,"column":2},"end":{"line":29,"column":4}},"8":{"start":{"line":28,"column":4},"end":{"line":28,"column":67}},"9":{"start":{"line":30,"column":2},"end":{"line":30,"column":40}}},"fnMap":{"0":{"name":"(anonymous_0)","decl":{"start":{"line":27,"column":31},"end":{"line":27,"column":32}},"loc":{"start":{"line":27,"column":37},"end":{"line":29,"column":3}},"line":27}},"branchMap":{"0":{"loc":{"start":{"line":26,"column":0},"end":{"line":31,"column":1}},"type":"if","locations":[{"start":{"line":26,"column":0},"end":{"line":31,"column":1}},{"start":{"line":26,"column":0},"end":{"line":31,"column":1}}],"line":26}},"s":{"0":1,"1":1,"2":1,"3":1,"4":1,"5":1,"6":1,"7":0,"8":0,"9":0},"f":{"0":0},"b":{"0":[0,1]},"_coverageSchema":"1a1c01bbd47fc00a2c39e90264f33305004495a9","hash":"40c1d4cca87c72ab832022729155fb2f3fc73025"}
,"D:\\artevelde\\pgm_code\\pgm-3\\opdracht-2---a-spotify-api-MarynaSoufi\\src\\api\\controllers\\playlistsController.js": {"path":"D:\\artevelde\\pgm_code\\pgm-3\\opdracht-2---a-spotify-api-MarynaSoufi\\src\\api\\controllers\\playlistsController.js","statementMap":{"0":{"start":{"line":5,"column":20},"end":{"line":5,"column":34}},"1":{"start":{"line":11,"column":24},"end":{"line":16,"column":1}},"2":{"start":{"line":12,"column":21},"end":{"line":12,"column":34}},"3":{"start":{"line":13,"column":17},"end":{"line":13,"column":27}},"4":{"start":{"line":14,"column":16},"end":{"line":14,"column":62}},"5":{"start":{"line":15,"column":2},"end":{"line":15,"column":30}},"6":{"start":{"line":23,"column":28},"end":{"line":26,"column":1}},"7":{"start":{"line":24,"column":20},"end":{"line":24,"column":53}},"8":{"start":{"line":25,"column":2},"end":{"line":25,"column":34}},"9":{"start":{"line":32,"column":27},"end":{"line":42,"column":1}},"10":{"start":{"line":33,"column":2},"end":{"line":41,"column":3}},"11":{"start":{"line":34,"column":23},"end":{"line":34,"column":36}},"12":{"start":{"line":35,"column":4},"end":{"line":35,"column":28}},"13":{"start":{"line":36,"column":21},"end":{"line":36,"column":66}},"14":{"start":{"line":37,"column":4},"end":{"line":37,"column":57}},"15":{"start":{"line":37,"column":19},"end":{"line":37,"column":57}},"16":{"start":{"line":38,"column":4},"end":{"line":38,"column":35}},"17":{"start":{"line":40,"column":4},"end":{"line":40,"column":56}},"18":{"start":{"line":49,"column":27},"end":{"line":58,"column":1}},"19":{"start":{"line":50,"column":2},"end":{"line":57,"column":3}},"20":{"start":{"line":51,"column":23},"end":{"line":51,"column":45}},"21":{"start":{"line":52,"column":33},"end":{"line":52,"column":41}},"22":{"start":{"line":53,"column":26},"end":{"line":53,"column":62}},"23":{"start":{"line":54,"column":6},"end":{"line":54,"column":61}},"24":{"start":{"line":56,"column":6},"end":{"line":56,"column":52}},"25":{"start":{"line":62,"column":30},"end":{"line":72,"column":1}},"26":{"start":{"line":63,"column":2},"end":{"line":71,"column":3}},"27":{"start":{"line":64,"column":23},"end":{"line":64,"column":55}},"28":{"start":{"line":65,"column":44},"end":{"line":65,"column":52}},"29":{"start":{"line":66,"column":17},"end":{"line":66,"column":34}},"30":{"start":{"line":67,"column":29},"end":{"line":67,"column":84}},"31":{"start":{"line":68,"column":6},"end":{"line":68,"column":65}},"32":{"start":{"line":70,"column":6},"end":{"line":70,"column":51}},"33":{"start":{"line":80,"column":30},"end":{"line":88,"column":1}},"34":{"start":{"line":81,"column":2},"end":{"line":87,"column":3}},"35":{"start":{"line":82,"column":17},"end":{"line":82,"column":34}},"36":{"start":{"line":83,"column":6},"end":{"line":83,"column":50}},"37":{"start":{"line":84,"column":6},"end":{"line":84,"column":33}},"38":{"start":{"line":86,"column":6},"end":{"line":86,"column":54}},"39":{"start":{"line":96,"column":23},"end":{"line":110,"column":1}},"40":{"start":{"line":97,"column":2},"end":{"line":109,"column":3}},"41":{"start":{"line":98,"column":45},"end":{"line":98,"column":71}},"42":{"start":{"line":100,"column":23},"end":{"line":100,"column":64}},"43":{"start":{"line":101,"column":6},"end":{"line":104,"column":7}},"44":{"start":{"line":102,"column":8},"end":{"line":102,"column":97}},"45":{"start":{"line":103,"column":8},"end":{"line":103,"column":15}},"46":{"start":{"line":105,"column":6},"end":{"line":105,"column":52}},"47":{"start":{"line":106,"column":6},"end":{"line":106,"column":36}},"48":{"start":{"line":108,"column":6},"end":{"line":108,"column":52}},"49":{"start":{"line":119,"column":26},"end":{"line":134,"column":1}},"50":{"start":{"line":120,"column":2},"end":{"line":133,"column":3}},"51":{"start":{"line":121,"column":21},"end":{"line":121,"column":35}},"52":{"start":{"line":122,"column":37},"end":{"line":122,"column":51}},"53":{"start":{"line":124,"column":23},"end":{"line":124,"column":64}},"54":{"start":{"line":125,"column":6},"end":{"line":128,"column":7}},"55":{"start":{"line":126,"column":8},"end":{"line":126,"column":97}},"56":{"start":{"line":127,"column":8},"end":{"line":127,"column":15}},"57":{"start":{"line":129,"column":6},"end":{"line":129,"column":55}},"58":{"start":{"line":130,"column":6},"end":{"line":130,"column":36}},"59":{"start":{"line":132,"column":6},"end":{"line":132,"column":52}}},"fnMap":{"0":{"name":"(anonymous_0)","decl":{"start":{"line":11,"column":24},"end":{"line":11,"column":25}},"loc":{"start":{"line":11,"column":44},"end":{"line":16,"column":1}},"line":11},"1":{"name":"(anonymous_1)","decl":{"start":{"line":23,"column":28},"end":{"line":23,"column":29}},"loc":{"start":{"line":23,"column":48},"end":{"line":26,"column":1}},"line":23},"2":{"name":"(anonymous_2)","decl":{"start":{"line":32,"column":27},"end":{"line":32,"column":28}},"loc":{"start":{"line":32,"column":47},"end":{"line":42,"column":1}},"line":32},"3":{"name":"(anonymous_3)","decl":{"start":{"line":49,"column":27},"end":{"line":49,"column":28}},"loc":{"start":{"line":49,"column":56},"end":{"line":58,"column":1}},"line":49},"4":{"name":"(anonymous_4)","decl":{"start":{"line":62,"column":30},"end":{"line":62,"column":31}},"loc":{"start":{"line":62,"column":59},"end":{"line":72,"column":1}},"line":62},"5":{"name":"(anonymous_5)","decl":{"start":{"line":80,"column":30},"end":{"line":80,"column":31}},"loc":{"start":{"line":80,"column":59},"end":{"line":88,"column":1}},"line":80},"6":{"name":"(anonymous_6)","decl":{"start":{"line":96,"column":23},"end":{"line":96,"column":24}},"loc":{"start":{"line":96,"column":52},"end":{"line":110,"column":1}},"line":96},"7":{"name":"(anonymous_7)","decl":{"start":{"line":119,"column":26},"end":{"line":119,"column":27}},"loc":{"start":{"line":119,"column":55},"end":{"line":134,"column":1}},"line":119}},"branchMap":{"0":{"loc":{"start":{"line":37,"column":4},"end":{"line":37,"column":57}},"type":"if","locations":[{"start":{"line":37,"column":4},"end":{"line":37,"column":57}},{"start":{"line":37,"column":4},"end":{"line":37,"column":57}}],"line":37},"1":{"loc":{"start":{"line":101,"column":6},"end":{"line":104,"column":7}},"type":"if","locations":[{"start":{"line":101,"column":6},"end":{"line":104,"column":7}},{"start":{"line":101,"column":6},"end":{"line":104,"column":7}}],"line":101},"2":{"loc":{"start":{"line":125,"column":6},"end":{"line":128,"column":7}},"type":"if","locations":[{"start":{"line":125,"column":6},"end":{"line":128,"column":7}},{"start":{"line":125,"column":6},"end":{"line":128,"column":7}}],"line":125}},"s":{"0":1,"1":1,"2":0,"3":0,"4":0,"5":0,"6":1,"7":0,"8":0,"9":1,"10":0,"11":0,"12":0,"13":0,"14":0,"15":0,"16":0,"17":0,"18":1,"19":0,"20":0,"21":0,"22":0,"23":0,"24":0,"25":1,"26":0,"27":0,"28":0,"29":0,"30":0,"31":0,"32":0,"33":1,"34":0,"35":0,"36":0,"37":0,"38":0,"39":1,"40":0,"41":0,"42":0,"43":0,"44":0,"45":0,"46":0,"47":0,"48":0,"49":1,"50":0,"51":0,"52":0,"53":0,"54":0,"55":0,"56":0,"57":0,"58":0,"59":0},"f":{"0":0,"1":0,"2":0,"3":0,"4":0,"5":0,"6":0,"7":0},"b":{"0":[0,0],"1":[0,0],"2":[0,0]},"_coverageSchema":"1a1c01bbd47fc00a2c39e90264f33305004495a9","hash":"84e6623c3ad047638da54a38b67bdbf3030b76eb"}
,"D:\\artevelde\\pgm_code\\pgm-3\\opdracht-2---a-spotify-api-MarynaSoufi\\src\\api\\controllers\\songsController.js": {"path":"D:\\artevelde\\pgm_code\\pgm-3\\opdracht-2---a-spotify-api-MarynaSoufi\\src\\api\\controllers\\songsController.js","statementMap":{"0":{"start":{"line":5,"column":16},"end":{"line":5,"column":27}},"1":{"start":{"line":11,"column":24},"end":{"line":14,"column":1}},"2":{"start":{"line":12,"column":16},"end":{"line":12,"column":35}},"3":{"start":{"line":13,"column":2},"end":{"line":13,"column":30}},"4":{"start":{"line":20,"column":23},"end":{"line":30,"column":1}},"5":{"start":{"line":21,"column":2},"end":{"line":29,"column":3}},"6":{"start":{"line":22,"column":19},"end":{"line":22,"column":32}},"7":{"start":{"line":23,"column":4},"end":{"line":23,"column":24}},"8":{"start":{"line":24,"column":17},"end":{"line":24,"column":42}},"9":{"start":{"line":25,"column":4},"end":{"line":25,"column":49}},"10":{"start":{"line":25,"column":15},"end":{"line":25,"column":49}},"11":{"start":{"line":26,"column":4},"end":{"line":26,"column":31}},"12":{"start":{"line":28,"column":4},"end":{"line":28,"column":56}},"13":{"start":{"line":36,"column":23},"end":{"line":45,"column":1}},"14":{"start":{"line":37,"column":2},"end":{"line":44,"column":3}},"15":{"start":{"line":38,"column":19},"end":{"line":38,"column":37}},"16":{"start":{"line":39,"column":35},"end":{"line":39,"column":39}},"17":{"start":{"line":40,"column":22},"end":{"line":40,"column":58}},"18":{"start":{"line":41,"column":6},"end":{"line":41,"column":53}},"19":{"start":{"line":43,"column":6},"end":{"line":43,"column":52}},"20":{"start":{"line":50,"column":26},"end":{"line":61,"column":1}},"21":{"start":{"line":51,"column":2},"end":{"line":60,"column":3}},"22":{"start":{"line":52,"column":19},"end":{"line":52,"column":47}},"23":{"start":{"line":53,"column":36},"end":{"line":53,"column":40}},"24":{"start":{"line":55,"column":17},"end":{"line":55,"column":34}},"25":{"start":{"line":56,"column":25},"end":{"line":56,"column":68}},"26":{"start":{"line":57,"column":6},"end":{"line":57,"column":57}},"27":{"start":{"line":59,"column":6},"end":{"line":59,"column":51}},"28":{"start":{"line":63,"column":26},"end":{"line":71,"column":1}},"29":{"start":{"line":64,"column":2},"end":{"line":70,"column":3}},"30":{"start":{"line":65,"column":17},"end":{"line":65,"column":34}},"31":{"start":{"line":66,"column":6},"end":{"line":66,"column":31}},"32":{"start":{"line":67,"column":6},"end":{"line":67,"column":33}},"33":{"start":{"line":69,"column":6},"end":{"line":69,"column":52}}},"fnMap":{"0":{"name":"(anonymous_0)","decl":{"start":{"line":11,"column":24},"end":{"line":11,"column":25}},"loc":{"start":{"line":11,"column":44},"end":{"line":14,"column":1}},"line":11},"1":{"name":"(anonymous_1)","decl":{"start":{"line":20,"column":23},"end":{"line":20,"column":24}},"loc":{"start":{"line":20,"column":43},"end":{"line":30,"column":1}},"line":20},"2":{"name":"(anonymous_2)","decl":{"start":{"line":36,"column":23},"end":{"line":36,"column":24}},"loc":{"start":{"line":36,"column":52},"end":{"line":45,"column":1}},"line":36},"3":{"name":"(anonymous_3)","decl":{"start":{"line":50,"column":26},"end":{"line":50,"column":27}},"loc":{"start":{"line":50,"column":55},"end":{"line":61,"column":1}},"line":50},"4":{"name":"(anonymous_4)","decl":{"start":{"line":63,"column":26},"end":{"line":63,"column":27}},"loc":{"start":{"line":63,"column":55},"end":{"line":71,"column":1}},"line":63}},"branchMap":{"0":{"loc":{"start":{"line":25,"column":4},"end":{"line":25,"column":49}},"type":"if","locations":[{"start":{"line":25,"column":4},"end":{"line":25,"column":49}},{"start":{"line":25,"column":4},"end":{"line":25,"column":49}}],"line":25}},"s":{"0":1,"1":1,"2":1,"3":1,"4":1,"5":0,"6":0,"7":0,"8":0,"9":0,"10":0,"11":0,"12":0,"13":1,"14":0,"15":0,"16":0,"17":0,"18":0,"19":0,"20":1,"21":0,"22":0,"23":0,"24":0,"25":0,"26":0,"27":0,"28":1,"29":0,"30":0,"31":0,"32":0,"33":0},"f":{"0":1,"1":0,"2":0,"3":0,"4":0},"b":{"0":[0,0]},"_coverageSchema":"1a1c01bbd47fc00a2c39e90264f33305004495a9","hash":"8dc837c6b568de7c1fb911dd8bbef2642f7a3726"}
,"D:\\artevelde\\pgm_code\\pgm-3\\opdracht-2---a-spotify-api-MarynaSoufi\\src\\api\\controllers\\usersController.js": {"path":"D:\\artevelde\\pgm_code\\pgm-3\\opdracht-2---a-spotify-api-MarynaSoufi\\src\\api\\controllers\\usersController.js","statementMap":{"0":{"start":{"line":4,"column":16},"end":{"line":4,"column":27}},"1":{"start":{"line":10,"column":24},"end":{"line":23,"column":1}},"2":{"start":{"line":11,"column":2},"end":{"line":21,"column":3}},"3":{"start":{"line":12,"column":17},"end":{"line":12,"column":25}},"4":{"start":{"line":13,"column":4},"end":{"line":18,"column":5}},"5":{"start":{"line":14,"column":20},"end":{"line":14,"column":39}},"6":{"start":{"line":15,"column":6},"end":{"line":15,"column":34}},"7":{"start":{"line":17,"column":6},"end":{"line":17,"column":59}},"8":{"start":{"line":20,"column":4},"end":{"line":20,"column":56}},"9":{"start":{"line":29,"column":23},"end":{"line":45,"column":1}},"10":{"start":{"line":30,"column":2},"end":{"line":44,"column":3}},"11":{"start":{"line":31,"column":17},"end":{"line":31,"column":25}},"12":{"start":{"line":32,"column":19},"end":{"line":32,"column":32}},"13":{"start":{"line":33,"column":4},"end":{"line":33,"column":24}},"14":{"start":{"line":34,"column":4},"end":{"line":40,"column":5}},"15":{"start":{"line":35,"column":19},"end":{"line":35,"column":44}},"16":{"start":{"line":36,"column":6},"end":{"line":36,"column":51}},"17":{"start":{"line":36,"column":17},"end":{"line":36,"column":51}},"18":{"start":{"line":37,"column":6},"end":{"line":37,"column":33}},"19":{"start":{"line":39,"column":6},"end":{"line":39,"column":58}},"20":{"start":{"line":43,"column":4},"end":{"line":43,"column":56}},"21":{"start":{"line":51,"column":27},"end":{"line":61,"column":1}},"22":{"start":{"line":52,"column":2},"end":{"line":60,"column":3}},"23":{"start":{"line":53,"column":19},"end":{"line":53,"column":29}},"24":{"start":{"line":54,"column":4},"end":{"line":54,"column":24}},"25":{"start":{"line":55,"column":19},"end":{"line":55,"column":44}},"26":{"start":{"line":56,"column":6},"end":{"line":56,"column":51}},"27":{"start":{"line":56,"column":17},"end":{"line":56,"column":51}},"28":{"start":{"line":57,"column":6},"end":{"line":57,"column":33}},"29":{"start":{"line":59,"column":4},"end":{"line":59,"column":56}},"30":{"start":{"line":65,"column":26},"end":{"line":75,"column":1}},"31":{"start":{"line":66,"column":2},"end":{"line":74,"column":3}},"32":{"start":{"line":67,"column":19},"end":{"line":67,"column":38}},"33":{"start":{"line":68,"column":39},"end":{"line":68,"column":43}},"34":{"start":{"line":69,"column":17},"end":{"line":69,"column":27}},"35":{"start":{"line":70,"column":25},"end":{"line":70,"column":72}},"36":{"start":{"line":71,"column":6},"end":{"line":71,"column":52}},"37":{"start":{"line":73,"column":6},"end":{"line":73,"column":46}},"38":{"start":{"line":81,"column":23},"end":{"line":90,"column":1}},"39":{"start":{"line":82,"column":2},"end":{"line":89,"column":3}},"40":{"start":{"line":83,"column":19},"end":{"line":83,"column":37}},"41":{"start":{"line":84,"column":48},"end":{"line":84,"column":52}},"42":{"start":{"line":85,"column":22},"end":{"line":85,"column":71}},"43":{"start":{"line":86,"column":6},"end":{"line":86,"column":53}},"44":{"start":{"line":88,"column":6},"end":{"line":88,"column":52}},"45":{"start":{"line":97,"column":30},"end":{"line":105,"column":1}},"46":{"start":{"line":98,"column":2},"end":{"line":104,"column":3}},"47":{"start":{"line":99,"column":17},"end":{"line":99,"column":31}},"48":{"start":{"line":100,"column":6},"end":{"line":100,"column":31}},"49":{"start":{"line":101,"column":6},"end":{"line":101,"column":33}},"50":{"start":{"line":103,"column":6},"end":{"line":103,"column":52}},"51":{"start":{"line":112,"column":26},"end":{"line":126,"column":1}},"52":{"start":{"line":113,"column":2},"end":{"line":125,"column":3}},"53":{"start":{"line":114,"column":19},"end":{"line":114,"column":31}},"54":{"start":{"line":115,"column":17},"end":{"line":115,"column":34}},"55":{"start":{"line":116,"column":6},"end":{"line":121,"column":7}},"56":{"start":{"line":117,"column":8},"end":{"line":117,"column":33}},"57":{"start":{"line":118,"column":8},"end":{"line":118,"column":35}},"58":{"start":{"line":120,"column":8},"end":{"line":120,"column":65}},"59":{"start":{"line":124,"column":6},"end":{"line":124,"column":52}}},"fnMap":{"0":{"name":"(anonymous_0)","decl":{"start":{"line":10,"column":24},"end":{"line":10,"column":25}},"loc":{"start":{"line":10,"column":44},"end":{"line":23,"column":1}},"line":10},"1":{"name":"(anonymous_1)","decl":{"start":{"line":29,"column":23},"end":{"line":29,"column":24}},"loc":{"start":{"line":29,"column":43},"end":{"line":45,"column":1}},"line":29},"2":{"name":"(anonymous_2)","decl":{"start":{"line":51,"column":27},"end":{"line":51,"column":28}},"loc":{"start":{"line":51,"column":47},"end":{"line":61,"column":1}},"line":51},"3":{"name":"(anonymous_3)","decl":{"start":{"line":65,"column":26},"end":{"line":65,"column":27}},"loc":{"start":{"line":65,"column":46},"end":{"line":75,"column":1}},"line":65},"4":{"name":"(anonymous_4)","decl":{"start":{"line":81,"column":23},"end":{"line":81,"column":24}},"loc":{"start":{"line":81,"column":52},"end":{"line":90,"column":1}},"line":81},"5":{"name":"(anonymous_5)","decl":{"start":{"line":97,"column":30},"end":{"line":97,"column":31}},"loc":{"start":{"line":97,"column":59},"end":{"line":105,"column":1}},"line":97},"6":{"name":"(anonymous_6)","decl":{"start":{"line":112,"column":26},"end":{"line":112,"column":27}},"loc":{"start":{"line":112,"column":55},"end":{"line":126,"column":1}},"line":112}},"branchMap":{"0":{"loc":{"start":{"line":13,"column":4},"end":{"line":18,"column":5}},"type":"if","locations":[{"start":{"line":13,"column":4},"end":{"line":18,"column":5}},{"start":{"line":13,"column":4},"end":{"line":18,"column":5}}],"line":13},"1":{"loc":{"start":{"line":34,"column":4},"end":{"line":40,"column":5}},"type":"if","locations":[{"start":{"line":34,"column":4},"end":{"line":40,"column":5}},{"start":{"line":34,"column":4},"end":{"line":40,"column":5}}],"line":34},"2":{"loc":{"start":{"line":36,"column":6},"end":{"line":36,"column":51}},"type":"if","locations":[{"start":{"line":36,"column":6},"end":{"line":36,"column":51}},{"start":{"line":36,"column":6},"end":{"line":36,"column":51}}],"line":36},"3":{"loc":{"start":{"line":56,"column":6},"end":{"line":56,"column":51}},"type":"if","locations":[{"start":{"line":56,"column":6},"end":{"line":56,"column":51}},{"start":{"line":56,"column":6},"end":{"line":56,"column":51}}],"line":56},"4":{"loc":{"start":{"line":116,"column":6},"end":{"line":121,"column":7}},"type":"if","locations":[{"start":{"line":116,"column":6},"end":{"line":121,"column":7}},{"start":{"line":116,"column":6},"end":{"line":121,"column":7}}],"line":116}},"s":{"0":1,"1":1,"2":0,"3":0,"4":0,"5":0,"6":0,"7":0,"8":0,"9":1,"10":0,"11":0,"12":0,"13":0,"14":0,"15":0,"16":0,"17":0,"18":0,"19":0,"20":0,"21":1,"22":0,"23":0,"24":0,"25":0,"26":0,"27":0,"28":0,"29":0,"30":1,"31":0,"32":0,"33":0,"34":0,"35":0,"36":0,"37":0,"38":1,"39":0,"40":0,"41":0,"42":0,"43":0,"44":0,"45":1,"46":0,"47":0,"48":0,"49":0,"50":0,"51":1,"52":0,"53":0,"54":0,"55":0,"56":0,"57":0,"58":0,"59":0},"f":{"0":0,"1":0,"2":0,"3":0,"4":0,"5":0,"6":0},"b":{"0":[0,0],"1":[0,0],"2":[0,0],"3":[0,0],"4":[0,0]},"_coverageSchema":"1a1c01bbd47fc00a2c39e90264f33305004495a9","hash":"83615a2c8e7c96ac5e0ba2875590b7fd4bba13d3"}
,"D:\\artevelde\\pgm_code\\pgm-3\\opdracht-2---a-spotify-api-MarynaSoufi\\src\\api\\routers\\index.js": {"path":"D:\\artevelde\\pgm_code\\pgm-3\\opdracht-2---a-spotify-api-MarynaSoufi\\src\\api\\routers\\index.js","statementMap":{"0":{"start":{"line":12,"column":15},"end":{"line":12,"column":31}},"1":{"start":{"line":18,"column":0},"end":{"line":18,"column":51}},"2":{"start":{"line":20,"column":0},"end":{"line":20,"column":47}},"3":{"start":{"line":22,"column":0},"end":{"line":22,"column":50}},"4":{"start":{"line":24,"column":0},"end":{"line":24,"column":50}},"5":{"start":{"line":26,"column":0},"end":{"line":26,"column":49}},"6":{"start":{"line":28,"column":0},"end":{"line":28,"column":56}},"7":{"start":{"line":30,"column":0},"end":{"line":30,"column":56}},"8":{"start":{"line":36,"column":0},"end":{"line":36,"column":47}},"9":{"start":{"line":38,"column":0},"end":{"line":38,"column":50}},"10":{"start":{"line":40,"column":0},"end":{"line":40,"column":56}},"11":{"start":{"line":42,"column":0},"end":{"line":42,"column":47}},"12":{"start":{"line":44,"column":0},"end":{"line":44,"column":53}},"13":{"start":{"line":49,"column":0},"end":{"line":49,"column":65}},"14":{"start":{"line":51,"column":0},"end":{"line":51,"column":59}},"15":{"start":{"line":53,"column":0},"end":{"line":53,"column":62}},"16":{"start":{"line":55,"column":0},"end":{"line":55,"column":59}},"17":{"start":{"line":57,"column":0},"end":{"line":57,"column":61}},"18":{"start":{"line":59,"column":0},"end":{"line":59,"column":65}},"19":{"start":{"line":61,"column":0},"end":{"line":61,"column":68}},"20":{"start":{"line":63,"column":0},"end":{"line":63,"column":86}}},"fnMap":{},"branchMap":{},"s":{"0":1,"1":1,"2":1,"3":1,"4":1,"5":1,"6":1,"7":1,"8":1,"9":1,"10":1,"11":1,"12":1,"13":1,"14":1,"15":1,"16":1,"17":1,"18":1,"19":1,"20":1},"f":{},"b":{},"_coverageSchema":"1a1c01bbd47fc00a2c39e90264f33305004495a9","hash":"4d85aa05159bc8ef6d01e142b2e1b7837aa4c380"}
,"D:\\artevelde\\pgm_code\\pgm-3\\opdracht-2---a-spotify-api-MarynaSoufi\\src\\auth\\index.js": {"path":"D:\\artevelde\\pgm_code\\pgm-3\\opdracht-2---a-spotify-api-MarynaSoufi\\src\\auth\\index.js","statementMap":{"0":{"start":{"line":11,"column":0},"end":{"line":11,"column":16}},"1":{"start":{"line":14,"column":12},"end":{"line":14,"column":28}},"2":{"start":{"line":16,"column":0},"end":{"line":20,"column":2}},"3":{"start":{"line":17,"column":2},"end":{"line":19,"column":5}},"4":{"start":{"line":23,"column":17},"end":{"line":23,"column":29}},"5":{"start":{"line":26,"column":22},"end":{"line":26,"column":44}},"6":{"start":{"line":28,"column":0},"end":{"line":52,"column":2}},"7":{"start":{"line":32,"column":6},"end":{"line":49,"column":7}},"8":{"start":{"line":34,"column":21},"end":{"line":34,"column":49}},"9":{"start":{"line":37,"column":8},"end":{"line":39,"column":9}},"10":{"start":{"line":38,"column":10},"end":{"line":38,"column":71}},"11":{"start":{"line":42,"column":8},"end":{"line":44,"column":9}},"12":{"start":{"line":43,"column":10},"end":{"line":43,"column":71}},"13":{"start":{"line":46,"column":8},"end":{"line":46,"column":32}},"14":{"start":{"line":48,"column":8},"end":{"line":48,"column":23}},"15":{"start":{"line":54,"column":0},"end":{"line":74,"column":2}},"16":{"start":{"line":55,"column":2},"end":{"line":73,"column":14}},"17":{"start":{"line":56,"column":4},"end":{"line":72,"column":5}},"18":{"start":{"line":57,"column":6},"end":{"line":57,"column":34}},"19":{"start":{"line":58,"column":11},"end":{"line":72,"column":5}},"20":{"start":{"line":59,"column":6},"end":{"line":59,"column":33}},"21":{"start":{"line":61,"column":20},"end":{"line":63,"column":8}},"22":{"start":{"line":64,"column":6},"end":{"line":71,"column":9}},"23":{"start":{"line":78,"column":24},"end":{"line":81,"column":1}},"24":{"start":{"line":79,"column":16},"end":{"line":79,"column":61}},"25":{"start":{"line":80,"column":2},"end":{"line":80,"column":15}}},"fnMap":{"0":{"name":"(anonymous_0)","decl":{"start":{"line":16,"column":13},"end":{"line":16,"column":14}},"loc":{"start":{"line":16,"column":27},"end":{"line":20,"column":1}},"line":16},"1":{"name":"(anonymous_1)","decl":{"start":{"line":31,"column":4},"end":{"line":31,"column":5}},"loc":{"start":{"line":31,"column":36},"end":{"line":50,"column":5}},"line":31},"2":{"name":"(anonymous_2)","decl":{"start":{"line":54,"column":19},"end":{"line":54,"column":20}},"loc":{"start":{"line":55,"column":2},"end":{"line":73,"column":14}},"line":55},"3":{"name":"(anonymous_3)","decl":{"start":{"line":55,"column":33},"end":{"line":55,"column":34}},"loc":{"start":{"line":55,"column":56},"end":{"line":73,"column":3}},"line":55},"4":{"name":"(anonymous_4)","decl":{"start":{"line":78,"column":24},"end":{"line":78,"column":25}},"loc":{"start":{"line":78,"column":50},"end":{"line":81,"column":1}},"line":78}},"branchMap":{"0":{"loc":{"start":{"line":37,"column":8},"end":{"line":39,"column":9}},"type":"if","locations":[{"start":{"line":37,"column":8},"end":{"line":39,"column":9}},{"start":{"line":37,"column":8},"end":{"line":39,"column":9}}],"line":37},"1":{"loc":{"start":{"line":42,"column":8},"end":{"line":44,"column":9}},"type":"if","locations":[{"start":{"line":42,"column":8},"end":{"line":44,"column":9}},{"start":{"line":42,"column":8},"end":{"line":44,"column":9}}],"line":42},"2":{"loc":{"start":{"line":56,"column":4},"end":{"line":72,"column":5}},"type":"if","locations":[{"start":{"line":56,"column":4},"end":{"line":72,"column":5}},{"start":{"line":56,"column":4},"end":{"line":72,"column":5}}],"line":56},"3":{"loc":{"start":{"line":58,"column":11},"end":{"line":72,"column":5}},"type":"if","locations":[{"start":{"line":58,"column":11},"end":{"line":72,"column":5}},{"start":{"line":58,"column":11},"end":{"line":72,"column":5}}],"line":58}},"s":{"0":1,"1":1,"2":1,"3":0,"4":1,"5":1,"6":1,"7":0,"8":0,"9":0,"10":0,"11":0,"12":0,"13":0,"14":0,"15":1,"16":0,"17":0,"18":0,"19":0,"20":0,"21":0,"22":0,"23":1,"24":0,"25":0},"f":{"0":0,"1":0,"2":0,"3":0,"4":0},"b":{"0":[0,0],"1":[0,0],"2":[0,0],"3":[0,0]},"_coverageSchema":"1a1c01bbd47fc00a2c39e90264f33305004495a9","hash":"981fc0b89025143ba39e36a61bbf74807a53ec2e"}
,"D:\\artevelde\\pgm_code\\pgm-3\\opdracht-2---a-spotify-api-MarynaSoufi\\src\\db\\knexSpotify.js": {"path":"D:\\artevelde\\pgm_code\\pgm-3\\opdracht-2---a-spotify-api-MarynaSoufi\\src\\db\\knexSpotify.js","statementMap":{"0":{"start":{"line":6,"column":18},"end":{"line":12,"column":1}},"1":{"start":{"line":14,"column":20},"end":{"line":14,"column":34}}},"fnMap":{},"branchMap":{},"s":{"0":2,"1":2},"f":{},"b":{},"_coverageSchema":"1a1c01bbd47fc00a2c39e90264f33305004495a9","hash":"0eaa3acb19dd6461b7d0f639ab2717feaf705dab"}
,"D:\\artevelde\\pgm_code\\pgm-3\\opdracht-2---a-spotify-api-MarynaSoufi\\src\\helpers\\parsePlaylist.js": {"path":"D:\\artevelde\\pgm_code\\pgm-3\\opdracht-2---a-spotify-api-MarynaSoufi\\src\\helpers\\parsePlaylist.js","statementMap":{"0":{"start":{"line":8,"column":2},"end":{"line":27,"column":3}},"1":{"start":{"line":9,"column":27},"end":{"line":9,"column":39}},"2":{"start":{"line":10,"column":6},"end":{"line":10,"column":32}},"3":{"start":{"line":11,"column":6},"end":{"line":13,"column":7}},"4":{"start":{"line":12,"column":10},"end":{"line":12,"column":57}},"5":{"start":{"line":14,"column":6},"end":{"line":16,"column":7}},"6":{"start":{"line":15,"column":10},"end":{"line":15,"column":73}},"7":{"start":{"line":17,"column":6},"end":{"line":19,"column":7}},"8":{"start":{"line":18,"column":8},"end":{"line":18,"column":45}},"9":{"start":{"line":20,"column":6},"end":{"line":22,"column":7}},"10":{"start":{"line":21,"column":10},"end":{"line":21,"column":44}},"11":{"start":{"line":23,"column":6},"end":{"line":23,"column":22}},"12":{"start":{"line":26,"column":6},"end":{"line":26,"column":49}}},"fnMap":{"0":{"name":"(anonymous_0)","decl":{"start":{"line":7,"column":16},"end":{"line":7,"column":17}},"loc":{"start":{"line":7,"column":29},"end":{"line":29,"column":1}},"line":7}},"branchMap":{"0":{"loc":{"start":{"line":11,"column":6},"end":{"line":13,"column":7}},"type":"if","locations":[{"start":{"line":11,"column":6},"end":{"line":13,"column":7}},{"start":{"line":11,"column":6},"end":{"line":13,"column":7}}],"line":11},"1":{"loc":{"start":{"line":14,"column":6},"end":{"line":16,"column":7}},"type":"if","locations":[{"start":{"line":14,"column":6},"end":{"line":16,"column":7}},{"start":{"line":14,"column":6},"end":{"line":16,"column":7}}],"line":14},"2":{"loc":{"start":{"line":14,"column":9},"end":{"line":14,"column":60}},"type":"binary-expr","locations":[{"start":{"line":14,"column":9},"end":{"line":14,"column":30}},{"start":{"line":14,"column":34},"end":{"line":14,"column":60}}],"line":14},"3":{"loc":{"start":{"line":17,"column":6},"end":{"line":19,"column":7}},"type":"if","locations":[{"start":{"line":17,"column":6},"end":{"line":19,"column":7}},{"start":{"line":17,"column":6},"end":{"line":19,"column":7}}],"line":17},"4":{"loc":{"start":{"line":20,"column":6},"end":{"line":22,"column":7}},"type":"if","locations":[{"start":{"line":20,"column":6},"end":{"line":22,"column":7}},{"start":{"line":20,"column":6},"end":{"line":22,"column":7}}],"line":20}},"s":{"0":0,"1":0,"2":0,"3":0,"4":0,"5":0,"6":0,"7":0,"8":0,"9":0,"10":0,"11":0,"12":0},"f":{"0":0},"b":{"0":[0,0],"1":[0,0],"2":[0,0],"3":[0,0],"4":[0,0]},"_coverageSchema":"1a1c01bbd47fc00a2c39e90264f33305004495a9","hash":"66a4cfe326984fb10ddea542eedd37bca9e6707e"}
,"D:\\artevelde\\pgm_code\\pgm-3\\opdracht-2---a-spotify-api-MarynaSoufi\\src\\helpers\\parsePlaylistSong.js": {"path":"D:\\artevelde\\pgm_code\\pgm-3\\opdracht-2---a-spotify-api-MarynaSoufi\\src\\helpers\\parsePlaylistSong.js","statementMap":{"0":{"start":{"line":2,"column":2},"end":{"line":20,"column":3}},"1":{"start":{"line":3,"column":37},"end":{"line":3,"column":49}},"2":{"start":{"line":4,"column":6},"end":{"line":4,"column":32}},"3":{"start":{"line":5,"column":6},"end":{"line":7,"column":7}},"4":{"start":{"line":6,"column":10},"end":{"line":6,"column":57}},"5":{"start":{"line":8,"column":6},"end":{"line":10,"column":7}},"6":{"start":{"line":9,"column":8},"end":{"line":9,"column":51}},"7":{"start":{"line":11,"column":22},"end":{"line":11,"column":44}},"8":{"start":{"line":12,"column":6},"end":{"line":14,"column":7}},"9":{"start":{"line":13,"column":10},"end":{"line":13,"column":44}},"10":{"start":{"line":16,"column":6},"end":{"line":16,"column":23}},"11":{"start":{"line":19,"column":6},"end":{"line":19,"column":49}}},"fnMap":{"0":{"name":"(anonymous_0)","decl":{"start":{"line":1,"column":15},"end":{"line":1,"column":16}},"loc":{"start":{"line":1,"column":28},"end":{"line":22,"column":1}},"line":1}},"branchMap":{"0":{"loc":{"start":{"line":5,"column":6},"end":{"line":7,"column":7}},"type":"if","locations":[{"start":{"line":5,"column":6},"end":{"line":7,"column":7}},{"start":{"line":5,"column":6},"end":{"line":7,"column":7}}],"line":5},"1":{"loc":{"start":{"line":8,"column":6},"end":{"line":10,"column":7}},"type":"if","locations":[{"start":{"line":8,"column":6},"end":{"line":10,"column":7}},{"start":{"line":8,"column":6},"end":{"line":10,"column":7}}],"line":8},"2":{"loc":{"start":{"line":12,"column":6},"end":{"line":14,"column":7}},"type":"if","locations":[{"start":{"line":12,"column":6},"end":{"line":14,"column":7}},{"start":{"line":12,"column":6},"end":{"line":14,"column":7}}],"line":12}},"s":{"0":0,"1":0,"2":0,"3":0,"4":0,"5":0,"6":0,"7":0,"8":0,"9":0,"10":0,"11":0},"f":{"0":0},"b":{"0":[0,0],"1":[0,0],"2":[0,0]},"_coverageSchema":"1a1c01bbd47fc00a2c39e90264f33305004495a9","hash":"db3c69c1cff67572d86f44e3f145f761882eba5d"}
,"D:\\artevelde\\pgm_code\\pgm-3\\opdracht-2---a-spotify-api-MarynaSoufi\\src\\helpers\\parseSong.js": {"path":"D:\\artevelde\\pgm_code\\pgm-3\\opdracht-2---a-spotify-api-MarynaSoufi\\src\\helpers\\parseSong.js","statementMap":{"0":{"start":{"line":8,"column":2},"end":{"line":37,"column":3}},"1":{"start":{"line":9,"column":23},"end":{"line":9,"column":35}},"2":{"start":{"line":10,"column":6},"end":{"line":10,"column":32}},"3":{"start":{"line":11,"column":6},"end":{"line":13,"column":7}},"4":{"start":{"line":12,"column":10},"end":{"line":12,"column":57}},"5":{"start":{"line":14,"column":6},"end":{"line":16,"column":7}},"6":{"start":{"line":15,"column":10},"end":{"line":15,"column":69}},"7":{"start":{"line":17,"column":6},"end":{"line":19,"column":7}},"8":{"start":{"line":18,"column":8},"end":{"line":18,"column":69}},"9":{"start":{"line":20,"column":6},"end":{"line":22,"column":7}},"10":{"start":{"line":21,"column":8},"end":{"line":21,"column":74}},"11":{"start":{"line":23,"column":6},"end":{"line":25,"column":7}},"12":{"start":{"line":24,"column":10},"end":{"line":24,"column":39}},"13":{"start":{"line":26,"column":6},"end":{"line":28,"column":7}},"14":{"start":{"line":27,"column":8},"end":{"line":27,"column":41}},"15":{"start":{"line":29,"column":6},"end":{"line":31,"column":7}},"16":{"start":{"line":30,"column":8},"end":{"line":30,"column":35}},"17":{"start":{"line":33,"column":6},"end":{"line":33,"column":18}},"18":{"start":{"line":36,"column":6},"end":{"line":36,"column":49}}},"fnMap":{"0":{"name":"(anonymous_0)","decl":{"start":{"line":7,"column":15},"end":{"line":7,"column":16}},"loc":{"start":{"line":7,"column":28},"end":{"line":39,"column":1}},"line":7}},"branchMap":{"0":{"loc":{"start":{"line":11,"column":6},"end":{"line":13,"column":7}},"type":"if","locations":[{"start":{"line":11,"column":6},"end":{"line":13,"column":7}},{"start":{"line":11,"column":6},"end":{"line":13,"column":7}}],"line":11},"1":{"loc":{"start":{"line":14,"column":6},"end":{"line":16,"column":7}},"type":"if","locations":[{"start":{"line":14,"column":6},"end":{"line":16,"column":7}},{"start":{"line":14,"column":6},"end":{"line":16,"column":7}}],"line":14},"2":{"loc":{"start":{"line":14,"column":9},"end":{"line":14,"column":35}},"type":"binary-expr","locations":[{"start":{"line":14,"column":9},"end":{"line":14,"column":14}},{"start":{"line":14,"column":18},"end":{"line":14,"column":35}}],"line":14},"3":{"loc":{"start":{"line":17,"column":6},"end":{"line":19,"column":7}},"type":"if","locations":[{"start":{"line":17,"column":6},"end":{"line":19,"column":7}},{"start":{"line":17,"column":6},"end":{"line":19,"column":7}}],"line":17},"4":{"loc":{"start":{"line":17,"column":9},"end":{"line":17,"column":44}},"type":"binary-expr","locations":[{"start":{"line":17,"column":9},"end":{"line":17,"column":21}},{"start":{"line":17,"column":25},"end":{"line":17,"column":44}}],"line":17},"5":{"loc":{"start":{"line":20,"column":6},"end":{"line":22,"column":7}},"type":"if","locations":[{"start":{"line":20,"column":6},"end":{"line":22,"column":7}},{"start":{"line":20,"column":6},"end":{"line":22,"column":7}}],"line":20},"6":{"loc":{"start":{"line":20,"column":9},"end":{"line":20,"column":77}},"type":"binary-expr","locations":[{"start":{"line":20,"column":9},"end":{"line":20,"column":18}},{"start":{"line":20,"column":22},"end":{"line":20,"column":38}},{"start":{"line":20,"column":42},"end":{"line":20,"column":77}}],"line":20},"7":{"loc":{"start":{"line":23,"column":6},"end":{"line":25,"column":7}},"type":"if","locations":[{"start":{"line":23,"column":6},"end":{"line":25,"column":7}},{"start":{"line":23,"column":6},"end":{"line":25,"column":7}}],"line":23},"8":{"loc":{"start":{"line":26,"column":6},"end":{"line":28,"column":7}},"type":"if","locations":[{"start":{"line":26,"column":6},"end":{"line":28,"column":7}},{"start":{"line":26,"column":6},"end":{"line":28,"column":7}}],"line":26},"9":{"loc":{"start":{"line":29,"column":6},"end":{"line":31,"column":7}},"type":"if","locations":[{"start":{"line":29,"column":6},"end":{"line":31,"column":7}},{"start":{"line":29,"column":6},"end":{"line":31,"column":7}}],"line":29}},"s":{"0":0,"1":0,"2":0,"3":0,"4":0,"5":0,"6":0,"7":0,"8":0,"9":0,"10":0,"11":0,"12":0,"13":0,"14":0,"15":0,"16":0,"17":0,"18":0},"f":{"0":0},"b":{"0":[0,0],"1":[0,0],"2":[0,0],"3":[0,0],"4":[0,0],"5":[0,0],"6":[0,0,0],"7":[0,0],"8":[0,0],"9":[0,0]},"_coverageSchema":"1a1c01bbd47fc00a2c39e90264f33305004495a9","hash":"666a4c52e8ea7548e138362d6dd67a293211ff7f"}
,"D:\\artevelde\\pgm_code\\pgm-3\\opdracht-2---a-spotify-api-MarynaSoufi\\src\\helpers\\parseUser.js": {"path":"D:\\artevelde\\pgm_code\\pgm-3\\opdracht-2---a-spotify-api-MarynaSoufi\\src\\helpers\\parseUser.js","statementMap":{"0":{"start":{"line":12,"column":2},"end":{"line":35,"column":3}},"1":{"start":{"line":13,"column":23},"end":{"line":13,"column":35}},"2":{"start":{"line":14,"column":6},"end":{"line":14,"column":32}},"3":{"start":{"line":15,"column":6},"end":{"line":17,"column":7}},"4":{"start":{"line":16,"column":10},"end":{"line":16,"column":57}},"5":{"start":{"line":18,"column":6},"end":{"line":20,"column":7}},"6":{"start":{"line":19,"column":10},"end":{"line":19,"column":86}},"7":{"start":{"line":21,"column":6},"end":{"line":23,"column":7}},"8":{"start":{"line":22,"column":8},"end":{"line":22,"column":67}},"9":{"start":{"line":24,"column":6},"end":{"line":26,"column":7}},"10":{"start":{"line":25,"column":8},"end":{"line":25,"column":39}},"11":{"start":{"line":27,"column":6},"end":{"line":29,"column":7}},"12":{"start":{"line":28,"column":8},"end":{"line":28,"column":37}},"13":{"start":{"line":31,"column":6},"end":{"line":31,"column":18}},"14":{"start":{"line":34,"column":6},"end":{"line":34,"column":49}}},"fnMap":{"0":{"name":"(anonymous_0)","decl":{"start":{"line":11,"column":15},"end":{"line":11,"column":16}},"loc":{"start":{"line":11,"column":28},"end":{"line":37,"column":1}},"line":11}},"branchMap":{"0":{"loc":{"start":{"line":15,"column":6},"end":{"line":17,"column":7}},"type":"if","locations":[{"start":{"line":15,"column":6},"end":{"line":17,"column":7}},{"start":{"line":15,"column":6},"end":{"line":17,"column":7}}],"line":15},"1":{"loc":{"start":{"line":18,"column":6},"end":{"line":20,"column":7}},"type":"if","locations":[{"start":{"line":18,"column":6},"end":{"line":20,"column":7}},{"start":{"line":18,"column":6},"end":{"line":20,"column":7}}],"line":18},"2":{"loc":{"start":{"line":18,"column":9},"end":{"line":18,"column":82}},"type":"binary-expr","locations":[{"start":{"line":18,"column":9},"end":{"line":18,"column":20}},{"start":{"line":18,"column":24},"end":{"line":18,"column":42}},{"start":{"line":18,"column":46},"end":{"line":18,"column":82}}],"line":18},"3":{"loc":{"start":{"line":21,"column":6},"end":{"line":23,"column":7}},"type":"if","locations":[{"start":{"line":21,"column":6},"end":{"line":23,"column":7}},{"start":{"line":21,"column":6},"end":{"line":23,"column":7}}],"line":21},"4":{"loc":{"start":{"line":21,"column":9},"end":{"line":21,"column":40}},"type":"binary-expr","locations":[{"start":{"line":21,"column":9},"end":{"line":21,"column":19}},{"start":{"line":21,"column":23},"end":{"line":21,"column":40}}],"line":21},"5":{"loc":{"start":{"line":24,"column":6},"end":{"line":26,"column":7}},"type":"if","locations":[{"start":{"line":24,"column":6},"end":{"line":26,"column":7}},{"start":{"line":24,"column":6},"end":{"line":26,"column":7}}],"line":24},"6":{"loc":{"start":{"line":27,"column":6},"end":{"line":29,"column":7}},"type":"if","locations":[{"start":{"line":27,"column":6},"end":{"line":29,"column":7}},{"start":{"line":27,"column":6},"end":{"line":29,"column":7}}],"line":27}},"s":{"0":0,"1":0,"2":0,"3":0,"4":0,"5":0,"6":0,"7":0,"8":0,"9":0,"10":0,"11":0,"12":0,"13":0,"14":0},"f":{"0":0},"b":{"0":[0,0],"1":[0,0],"2":[0,0,0],"3":[0,0],"4":[0,0],"5":[0,0],"6":[0,0]},"_coverageSchema":"1a1c01bbd47fc00a2c39e90264f33305004495a9","hash":"98dcd2c76d1664e52dc8daeb9075761bb16a9e37"}
,"D:\\artevelde\\pgm_code\\pgm-3\\opdracht-2---a-spotify-api-MarynaSoufi\\src\\lib\\Playlist.js": {"path":"D:\\artevelde\\pgm_code\\pgm-3\\opdracht-2---a-spotify-api-MarynaSoufi\\src\\lib\\Playlist.js","statementMap":{"0":{"start":{"line":11,"column":6},"end":{"line":19,"column":7}},"1":{"start":{"line":12,"column":28},"end":{"line":15,"column":11}},"2":{"start":{"line":16,"column":10},"end":{"line":16,"column":28}},"3":{"start":{"line":18,"column":10},"end":{"line":18,"column":35}},"4":{"start":{"line":28,"column":4},"end":{"line":35,"column":5}},"5":{"start":{"line":29,"column":7},"end":{"line":32,"column":10}},"6":{"start":{"line":34,"column":8},"end":{"line":34,"column":33}},"7":{"start":{"line":44,"column":4},"end":{"line":51,"column":5}},"8":{"start":{"line":45,"column":7},"end":{"line":48,"column":14}},"9":{"start":{"line":50,"column":8},"end":{"line":50,"column":33}},"10":{"start":{"line":61,"column":6},"end":{"line":67,"column":7}},"11":{"start":{"line":63,"column":8},"end":{"line":63,"column":60}},"12":{"start":{"line":64,"column":8},"end":{"line":64,"column":126}},"13":{"start":{"line":66,"column":8},"end":{"line":66,"column":33}},"14":{"start":{"line":76,"column":2},"end":{"line":80,"column":3}},"15":{"start":{"line":77,"column":4},"end":{"line":77,"column":99}},"16":{"start":{"line":79,"column":4},"end":{"line":79,"column":29}},"17":{"start":{"line":87,"column":2},"end":{"line":95,"column":3}},"18":{"start":{"line":88,"column":4},"end":{"line":90,"column":5}},"19":{"start":{"line":89,"column":6},"end":{"line":89,"column":69}},"20":{"start":{"line":91,"column":23},"end":{"line":91,"column":104}},"21":{"start":{"line":92,"column":4},"end":{"line":92,"column":20}},"22":{"start":{"line":94,"column":4},"end":{"line":94,"column":27}},"23":{"start":{"line":105,"column":2},"end":{"line":115,"column":3}},"24":{"start":{"line":106,"column":21},"end":{"line":106,"column":107}},"25":{"start":{"line":107,"column":18},"end":{"line":110,"column":24}},"26":{"start":{"line":111,"column":4},"end":{"line":111,"column":27}},"27":{"start":{"line":112,"column":4},"end":{"line":112,"column":20}},"28":{"start":{"line":114,"column":3},"end":{"line":114,"column":28}}},"fnMap":{"0":{"name":"(anonymous_0)","decl":{"start":{"line":10,"column":2},"end":{"line":10,"column":3}},"loc":{"start":{"line":10,"column":26},"end":{"line":20,"column":3}},"line":10},"1":{"name":"(anonymous_1)","decl":{"start":{"line":27,"column":2},"end":{"line":27,"column":3}},"loc":{"start":{"line":27,"column":36},"end":{"line":36,"column":3}},"line":27},"2":{"name":"(anonymous_2)","decl":{"start":{"line":43,"column":2},"end":{"line":43,"column":3}},"loc":{"start":{"line":43,"column":39},"end":{"line":52,"column":3}},"line":43},"3":{"name":"(anonymous_3)","decl":{"start":{"line":60,"column":4},"end":{"line":60,"column":5}},"loc":{"start":{"line":60,"column":47},"end":{"line":68,"column":5}},"line":60},"4":{"name":"(anonymous_4)","decl":{"start":{"line":75,"column":0},"end":{"line":75,"column":1}},"loc":{"start":{"line":75,"column":25},"end":{"line":81,"column":1}},"line":75},"5":{"name":"(anonymous_5)","decl":{"start":{"line":86,"column":1},"end":{"line":86,"column":2}},"loc":{"start":{"line":86,"column":31},"end":{"line":96,"column":1}},"line":86},"6":{"name":"(anonymous_6)","decl":{"start":{"line":104,"column":0},"end":{"line":104,"column":1}},"loc":{"start":{"line":104,"column":27},"end":{"line":116,"column":1}},"line":104}},"branchMap":{"0":{"loc":{"start":{"line":86,"column":20},"end":{"line":86,"column":29}},"type":"default-arg","locations":[{"start":{"line":86,"column":25},"end":{"line":86,"column":29}}],"line":86},"1":{"loc":{"start":{"line":88,"column":4},"end":{"line":90,"column":5}},"type":"if","locations":[{"start":{"line":88,"column":4},"end":{"line":90,"column":5}},{"start":{"line":88,"column":4},"end":{"line":90,"column":5}}],"line":88}},"s":{"0":0,"1":0,"2":0,"3":0,"4":0,"5":0,"6":0,"7":0,"8":0,"9":0,"10":0,"11":0,"12":0,"13":0,"14":0,"15":0,"16":0,"17":0,"18":0,"19":0,"20":0,"21":0,"22":0,"23":0,"24":0,"25":0,"26":0,"27":0,"28":0},"f":{"0":0,"1":0,"2":0,"3":0,"4":0,"5":0,"6":0},"b":{"0":[0],"1":[0,0]},"_coverageSchema":"1a1c01bbd47fc00a2c39e90264f33305004495a9","hash":"ea949cbb89df34187d6f74791b2b370f3a96d94c"}
,"D:\\artevelde\\pgm_code\\pgm-3\\opdracht-2---a-spotify-api-MarynaSoufi\\src\\lib\\Songs.js": {"path":"D:\\artevelde\\pgm_code\\pgm-3\\opdracht-2---a-spotify-api-MarynaSoufi\\src\\lib\\Songs.js","statementMap":{"0":{"start":{"line":14,"column":6},"end":{"line":24,"column":7}},"1":{"start":{"line":15,"column":24},"end":{"line":20,"column":11}},"2":{"start":{"line":21,"column":10},"end":{"line":21,"column":24}},"3":{"start":{"line":23,"column":10},"end":{"line":23,"column":35}},"4":{"start":{"line":34,"column":2},"end":{"line":38,"column":3}},"5":{"start":{"line":35,"column":4},"end":{"line":35,"column":83}},"6":{"start":{"line":37,"column":4},"end":{"line":37,"column":29}},"7":{"start":{"line":47,"column":2},"end":{"line":51,"column":3}},"8":{"start":{"line":48,"column":4},"end":{"line":48,"column":60}},"9":{"start":{"line":50,"column":4},"end":{"line":50,"column":29}},"10":{"start":{"line":58,"column":2},"end":{"line":66,"column":3}},"11":{"start":{"line":59,"column":4},"end":{"line":61,"column":5}},"12":{"start":{"line":60,"column":6},"end":{"line":60,"column":52}},"13":{"start":{"line":62,"column":19},"end":{"line":62,"column":71}},"14":{"start":{"line":63,"column":4},"end":{"line":63,"column":16}},"15":{"start":{"line":65,"column":4},"end":{"line":65,"column":27}}},"fnMap":{"0":{"name":"(anonymous_0)","decl":{"start":{"line":13,"column":2},"end":{"line":13,"column":3}},"loc":{"start":{"line":13,"column":31},"end":{"line":25,"column":3}},"line":13},"1":{"name":"(anonymous_1)","decl":{"start":{"line":33,"column":0},"end":{"line":33,"column":1}},"loc":{"start":{"line":33,"column":36},"end":{"line":39,"column":1}},"line":33},"2":{"name":"(anonymous_2)","decl":{"start":{"line":46,"column":0},"end":{"line":46,"column":1}},"loc":{"start":{"line":46,"column":17},"end":{"line":52,"column":1}},"line":46},"3":{"name":"(anonymous_3)","decl":{"start":{"line":57,"column":1},"end":{"line":57,"column":2}},"loc":{"start":{"line":57,"column":22},"end":{"line":67,"column":1}},"line":57}},"branchMap":{"0":{"loc":{"start":{"line":57,"column":11},"end":{"line":57,"column":20}},"type":"default-arg","locations":[{"start":{"line":57,"column":16},"end":{"line":57,"column":20}}],"line":57},"1":{"loc":{"start":{"line":59,"column":4},"end":{"line":61,"column":5}},"type":"if","locations":[{"start":{"line":59,"column":4},"end":{"line":61,"column":5}},{"start":{"line":59,"column":4},"end":{"line":61,"column":5}}],"line":59}},"s":{"0":0,"1":0,"2":0,"3":0,"4":0,"5":0,"6":0,"7":0,"8":0,"9":0,"10":3,"11":3,"12":3,"13":0,"14":0,"15":0},"f":{"0":0,"1":0,"2":0,"3":3},"b":{"0":[3],"1":[3,0]},"_coverageSchema":"1a1c01bbd47fc00a2c39e90264f33305004495a9","hash":"727d0579087ac95349952741582f86dd534f9e1d"}
,"D:\\artevelde\\pgm_code\\pgm-3\\opdracht-2---a-spotify-api-MarynaSoufi\\src\\lib\\Users.js": {"path":"D:\\artevelde\\pgm_code\\pgm-3\\opdracht-2---a-spotify-api-MarynaSoufi\\src\\lib\\Users.js","statementMap":{"0":{"start":{"line":10,"column":4},"end":{"line":10,"column":25}},"1":{"start":{"line":19,"column":6},"end":{"line":27,"column":7}},"2":{"start":{"line":20,"column":8},"end":{"line":22,"column":9}},"3":{"start":{"line":21,"column":10},"end":{"line":21,"column":59}},"4":{"start":{"line":23,"column":23},"end":{"line":23,"column":78}},"5":{"start":{"line":24,"column":8},"end":{"line":24,"column":20}},"6":{"start":{"line":26,"column":8},"end":{"line":26,"column":31}},"7":{"start":{"line":39,"column":6},"end":{"line":45,"column":7}},"8":{"start":{"line":41,"column":21},"end":{"line":41,"column":50}},"9":{"start":{"line":42,"column":8},"end":{"line":42,"column":110}},"10":{"start":{"line":44,"column":8},"end":{"line":44,"column":31}},"11":{"start":{"line":56,"column":6},"end":{"line":61,"column":7}},"12":{"start":{"line":57,"column":21},"end":{"line":57,"column":50}},"13":{"start":{"line":58,"column":8},"end":{"line":58,"column":113}},"14":{"start":{"line":60,"column":8},"end":{"line":60,"column":33}},"15":{"start":{"line":64,"column":6},"end":{"line":71,"column":7}},"16":{"start":{"line":65,"column":8},"end":{"line":68,"column":19}},"17":{"start":{"line":70,"column":8},"end":{"line":70,"column":39}},"18":{"start":{"line":80,"column":6},"end":{"line":84,"column":7}},"19":{"start":{"line":81,"column":8},"end":{"line":81,"column":59}},"20":{"start":{"line":83,"column":8},"end":{"line":83,"column":31}},"21":{"start":{"line":92,"column":6},"end":{"line":96,"column":7}},"22":{"start":{"line":93,"column":8},"end":{"line":93,"column":67}},"23":{"start":{"line":95,"column":8},"end":{"line":95,"column":33}}},"fnMap":{"0":{"name":"(anonymous_0)","decl":{"start":{"line":9,"column":2},"end":{"line":9,"column":3}},"loc":{"start":{"line":9,"column":16},"end":{"line":11,"column":3}},"line":9},"1":{"name":"(anonymous_1)","decl":{"start":{"line":18,"column":5},"end":{"line":18,"column":6}},"loc":{"start":{"line":18,"column":26},"end":{"line":28,"column":5}},"line":18},"2":{"name":"(anonymous_2)","decl":{"start":{"line":38,"column":4},"end":{"line":38,"column":5}},"loc":{"start":{"line":38,"column":46},"end":{"line":46,"column":5}},"line":38},"3":{"name":"(anonymous_3)","decl":{"start":{"line":55,"column":4},"end":{"line":55,"column":5}},"loc":{"start":{"line":55,"column":44},"end":{"line":62,"column":5}},"line":55},"4":{"name":"(anonymous_4)","decl":{"start":{"line":63,"column":4},"end":{"line":63,"column":5}},"loc":{"start":{"line":63,"column":24},"end":{"line":72,"column":5}},"line":63},"5":{"name":"(anonymous_5)","decl":{"start":{"line":79,"column":4},"end":{"line":79,"column":5}},"loc":{"start":{"line":79,"column":27},"end":{"line":85,"column":5}},"line":79},"6":{"name":"(anonymous_6)","decl":{"start":{"line":91,"column":4},"end":{"line":91,"column":5}},"loc":{"start":{"line":91,"column":21},"end":{"line":97,"column":5}},"line":91}},"branchMap":{"0":{"loc":{"start":{"line":18,"column":15},"end":{"line":18,"column":24}},"type":"default-arg","locations":[{"start":{"line":18,"column":20},"end":{"line":18,"column":24}}],"line":18},"1":{"loc":{"start":{"line":20,"column":8},"end":{"line":22,"column":9}},"type":"if","locations":[{"start":{"line":20,"column":8},"end":{"line":22,"column":9}},{"start":{"line":20,"column":8},"end":{"line":22,"column":9}}],"line":20}},"s":{"0":3,"1":2,"2":2,"3":2,"4":0,"5":0,"6":0,"7":0,"8":0,"9":0,"10":0,"11":0,"12":0,"13":0,"14":0,"15":0,"16":0,"17":0,"18":0,"19":0,"20":0,"21":0,"22":0,"23":0},"f":{"0":3,"1":2,"2":0,"3":0,"4":0,"5":0,"6":0},"b":{"0":[2],"1":[2,0]},"_coverageSchema":"1a1c01bbd47fc00a2c39e90264f33305004495a9","hash":"8086fea1dfffff0feb66e165cfdf8f8b96f654a7"}
,"D:\\artevelde\\pgm_code\\pgm-3\\opdracht-2---a-spotify-api-MarynaSoufi\\src\\middleware\\auth.js": {"path":"D:\\artevelde\\pgm_code\\pgm-3\\opdracht-2---a-spotify-api-MarynaSoufi\\src\\middleware\\auth.js","statementMap":{"0":{"start":{"line":7,"column":0},"end":{"line":7,"column":16}},"1":{"start":{"line":10,"column":20},"end":{"line":10,"column":40}},"2":{"start":{"line":11,"column":19},"end":{"line":11,"column":41}},"3":{"start":{"line":14,"column":13},"end":{"line":17,"column":1}},"4":{"start":{"line":20,"column":0},"end":{"line":29,"column":2}},"5":{"start":{"line":22,"column":4},"end":{"line":27,"column":5}},"6":{"start":{"line":23,"column":5},"end":{"line":23,"column":67}},"7":{"start":{"line":24,"column":6},"end":{"line":24,"column":33}},"8":{"start":{"line":26,"column":6},"end":{"line":26,"column":24}},"9":{"start":{"line":33,"column":2},"end":{"line":47,"column":3}},"10":{"start":{"line":34,"column":4},"end":{"line":34,"column":11}},"11":{"start":{"line":36,"column":4},"end":{"line":46,"column":23}},"12":{"start":{"line":37,"column":6},"end":{"line":37,"column":27}},"13":{"start":{"line":38,"column":6},"end":{"line":38,"column":30}},"14":{"start":{"line":40,"column":6},"end":{"line":45,"column":7}},"15":{"start":{"line":41,"column":8},"end":{"line":41,"column":28}},"16":{"start":{"line":42,"column":8},"end":{"line":42,"column":35}},"17":{"start":{"line":44,"column":8},"end":{"line":44,"column":15}}},"fnMap":{"0":{"name":"(anonymous_0)","decl":{"start":{"line":21,"column":24},"end":{"line":21,"column":25}},"loc":{"start":{"line":21,"column":49},"end":{"line":28,"column":3}},"line":21},"1":{"name":"(anonymous_1)","decl":{"start":{"line":31,"column":15},"end":{"line":31,"column":16}},"loc":{"start":{"line":31,"column":35},"end":{"line":48,"column":1}},"line":31},"2":{"name":"(anonymous_2)","decl":{"start":{"line":36,"column":53},"end":{"line":36,"column":54}},"loc":{"start":{"line":36,"column":76},"end":{"line":46,"column":5}},"line":36}},"branchMap":{"0":{"loc":{"start":{"line":33,"column":2},"end":{"line":47,"column":3}},"type":"if","locations":[{"start":{"line":33,"column":2},"end":{"line":47,"column":3}},{"start":{"line":33,"column":2},"end":{"line":47,"column":3}}],"line":33},"1":{"loc":{"start":{"line":33,"column":6},"end":{"line":33,"column":119}},"type":"binary-expr","locations":[{"start":{"line":33,"column":7},"end":{"line":33,"column":27}},{"start":{"line":33,"column":32},"end":{"line":33,"column":60}},{"start":{"line":33,"column":66},"end":{"line":33,"column":85}},{"start":{"line":33,"column":90},"end":{"line":33,"column":118}}],"line":33},"2":{"loc":{"start":{"line":40,"column":6},"end":{"line":45,"column":7}},"type":"if","locations":[{"start":{"line":40,"column":6},"end":{"line":45,"column":7}},{"start":{"line":40,"column":6},"end":{"line":45,"column":7}}],"line":40},"3":{"loc":{"start":{"line":40,"column":10},"end":{"line":40,"column":99}},"type":"binary-expr","locations":[{"start":{"line":40,"column":10},"end":{"line":40,"column":15}},{"start":{"line":40,"column":19},"end":{"line":40,"column":24}},{"start":{"line":40,"column":29},"end":{"line":40,"column":48}},{"start":{"line":40,"column":52},"end":{"line":40,"column":81}},{"start":{"line":40,"column":85},"end":{"line":40,"column":98}}],"line":40}},"s":{"0":1,"1":1,"2":1,"3":1,"4":1,"5":0,"6":0,"7":0,"8":0,"9":2,"10":1,"11":1,"12":1,"13":1,"14":1,"15":1,"16":1,"17":0},"f":{"0":0,"1":2,"2":1},"b":{"0":[1,1],"1":[2,1,2,1],"2":[1,0],"3":[1,1,0,0,0]},"_coverageSchema":"1a1c01bbd47fc00a2c39e90264f33305004495a9","hash":"67518dd8e9b4b6b336608c658dd6994a835a8382"}
}
