TN:
SF:src\app.js
FN:27,(anonymous_0)
FNF:1
FNH:0
FNDA:0,(anonymous_0)
DA:12,1
DA:14,1
DA:16,1
DA:19,1
DA:20,1
DA:22,1
DA:26,1
DA:27,0
DA:28,0
DA:30,0
LF:10
LH:7
BRDA:26,0,0,0
BRDA:26,0,1,1
BRF:2
BRH:1
end_of_record
TN:
SF:src\api\controllers\playlistsController.js
FN:11,(anonymous_0)
FN:23,(anonymous_1)
FN:32,(anonymous_2)
FN:49,(anonymous_3)
FN:62,(anonymous_4)
FN:80,(anonymous_5)
FN:96,(anonymous_6)
FN:104,(anonymous_7)
FN:132,(anonymous_8)
FNF:9
FNH:2
FNDA:0,(anonymous_0)
FNDA:1,(anonymous_1)
FNDA:2,(anonymous_2)
FNDA:0,(anonymous_3)
FNDA:0,(anonymous_4)
FNDA:0,(anonymous_5)
FNDA:0,(anonymous_6)
FNDA:0,(anonymous_7)
FNDA:0,(anonymous_8)
DA:5,1
DA:11,1
DA:12,0
DA:13,0
DA:14,0
DA:15,0
DA:23,1
DA:24,1
DA:25,1
DA:32,1
DA:33,2
DA:34,2
DA:35,2
DA:36,2
DA:37,2
DA:38,1
DA:40,1
DA:49,1
DA:50,0
DA:51,0
DA:52,0
DA:53,0
DA:54,0
DA:56,0
DA:62,1
DA:63,0
DA:64,0
DA:65,0
DA:66,0
DA:67,0
DA:68,0
DA:70,0
DA:80,1
DA:81,0
DA:82,0
DA:83,0
DA:84,0
DA:86,0
DA:96,1
DA:97,0
DA:98,0
DA:100,0
DA:101,0
DA:102,0
DA:103,0
DA:104,0
DA:105,0
DA:108,0
DA:109,0
DA:110,0
DA:112,0
DA:113,0
DA:114,0
DA:115,0
DA:117,0
DA:121,0
DA:132,1
DA:133,0
DA:134,0
DA:135,0
DA:136,0
DA:137,0
DA:139,0
DA:140,0
DA:141,0
DA:142,0
DA:144,0
DA:145,0
DA:146,0
DA:148,0
LF:70
LH:18
BRDA:37,0,0,1
BRDA:37,0,1,1
BRDA:108,1,0,0
BRDA:108,1,1,0
BRDA:112,2,0,0
BRDA:112,2,1,0
BRDA:140,3,0,0
BRDA:140,3,1,0
BRF:8
BRH:2
end_of_record
TN:
SF:src\api\controllers\songsController.js
FN:11,(anonymous_0)
FN:20,(anonymous_1)
FN:36,(anonymous_2)
FN:50,(anonymous_3)
FN:63,(anonymous_4)
FNF:5
FNH:2
FNDA:1,(anonymous_0)
FNDA:2,(anonymous_1)
FNDA:0,(anonymous_2)
FNDA:0,(anonymous_3)
FNDA:0,(anonymous_4)
DA:5,1
DA:11,1
DA:12,1
DA:13,1
DA:20,1
DA:21,2
DA:22,2
DA:23,2
DA:24,2
DA:25,2
DA:26,1
DA:28,1
DA:36,1
DA:37,0
DA:38,0
DA:39,0
DA:40,0
DA:41,0
DA:43,0
DA:50,1
DA:51,0
DA:52,0
DA:53,0
DA:55,0
DA:56,0
DA:57,0
DA:59,0
DA:63,1
DA:64,0
DA:65,0
DA:66,0
DA:67,0
DA:69,0
LF:33
LH:15
BRDA:25,0,0,1
BRDA:25,0,1,1
BRF:2
BRH:2
end_of_record
TN:
SF:src\api\controllers\usersController.js
FN:10,(anonymous_0)
FN:29,(anonymous_1)
FN:51,(anonymous_2)
FN:65,(anonymous_3)
FN:81,(anonymous_4)
FN:97,(anonymous_5)
FN:112,(anonymous_6)
FNF:7
FNH:3
FNDA:1,(anonymous_0)
FNDA:1,(anonymous_1)
FNDA:0,(anonymous_2)
FNDA:0,(anonymous_3)
FNDA:0,(anonymous_4)
FNDA:0,(anonymous_5)
FNDA:1,(anonymous_6)
DA:4,1
DA:10,1
DA:11,1
DA:12,1
DA:13,1
DA:14,1
DA:15,1
DA:17,0
DA:20,0
DA:29,1
DA:30,1
DA:31,1
DA:32,1
DA:33,1
DA:34,1
DA:35,1
DA:36,1
DA:37,1
DA:39,0
DA:43,0
DA:51,1
DA:52,0
DA:53,0
DA:54,0
DA:55,0
DA:56,0
DA:57,0
DA:59,0
DA:65,1
DA:66,0
DA:67,0
DA:68,0
DA:69,0
DA:70,0
DA:71,0
DA:73,0
DA:81,1
DA:82,0
DA:83,0
DA:84,0
DA:85,0
DA:86,0
DA:88,0
DA:97,1
DA:98,0
DA:99,0
DA:100,0
DA:101,0
DA:103,0
DA:112,1
DA:113,1
DA:114,1
DA:115,1
DA:116,1
DA:117,0
DA:118,0
DA:120,1
DA:124,0
LF:58
LH:26
BRDA:13,0,0,1
BRDA:13,0,1,0
BRDA:34,1,0,1
BRDA:34,1,1,0
BRDA:36,2,0,0
BRDA:36,2,1,1
BRDA:56,3,0,0
BRDA:56,3,1,0
BRDA:116,4,0,0
BRDA:116,4,1,1
BRF:10
BRH:4
end_of_record
TN:
SF:src\api\routers\index.js
FNF:0
FNH:0
DA:12,1
DA:18,1
DA:20,1
DA:22,1
DA:24,1
DA:26,1
DA:28,1
DA:30,1
DA:36,1
DA:38,1
DA:40,1
DA:42,1
DA:44,1
DA:49,1
DA:51,1
DA:53,1
DA:55,1
DA:57,1
DA:59,1
DA:61,1
DA:63,1
LF:21
LH:21
BRF:0
BRH:0
end_of_record
TN:
SF:src\auth\index.js
FN:16,(anonymous_0)
FN:31,(anonymous_1)
FN:54,(anonymous_2)
FN:55,(anonymous_3)
FN:78,(anonymous_4)
FNF:5
FNH:4
FNDA:0,(anonymous_0)
FNDA:2,(anonymous_1)
FNDA:2,(anonymous_2)
FNDA:2,(anonymous_3)
FNDA:2,(anonymous_4)
DA:11,1
DA:14,1
DA:16,1
DA:17,0
DA:23,1
DA:26,1
DA:28,1
DA:32,2
DA:34,2
DA:37,2
DA:38,0
DA:42,2
DA:43,0
DA:46,2
DA:48,0
DA:54,1
DA:55,2
DA:56,2
DA:57,0
DA:58,2
DA:59,0
DA:61,2
DA:64,2
DA:78,1
DA:79,2
DA:80,2
LF:26
LH:20
BRDA:37,0,0,0
BRDA:37,0,1,2
BRDA:42,1,0,0
BRDA:42,1,1,2
BRDA:56,2,0,0
BRDA:56,2,1,2
BRDA:58,3,0,0
BRDA:58,3,1,2
BRF:8
BRH:4
end_of_record
TN:
SF:src\db\knexSpotify.js
FNF:0
FNH:0
DA:6,2
DA:14,2
LF:2
LH:2
BRF:0
BRH:0
end_of_record
TN:
SF:src\helpers\parsePlaylist.js
FN:7,(anonymous_0)
FNF:1
FNH:0
FNDA:0,(anonymous_0)
DA:8,0
DA:9,0
DA:10,0
DA:11,0
DA:12,0
DA:14,0
DA:15,0
DA:17,0
DA:18,0
DA:20,0
DA:21,0
DA:23,0
DA:26,0
LF:13
LH:0
BRDA:11,0,0,0
BRDA:11,0,1,0
BRDA:14,1,0,0
BRDA:14,1,1,0
BRDA:14,2,0,0
BRDA:14,2,1,0
BRDA:17,3,0,0
BRDA:17,3,1,0
BRDA:20,4,0,0
BRDA:20,4,1,0
BRF:10
BRH:0
end_of_record
TN:
SF:src\helpers\parsePlaylistSong.js
FN:1,(anonymous_0)
FNF:1
FNH:0
FNDA:0,(anonymous_0)
DA:2,0
DA:3,0
DA:4,0
DA:5,0
DA:6,0
DA:8,0
DA:9,0
DA:11,0
DA:12,0
DA:13,0
DA:16,0
DA:19,0
LF:12
LH:0
BRDA:5,0,0,0
BRDA:5,0,1,0
BRDA:8,1,0,0
BRDA:8,1,1,0
BRDA:12,2,0,0
BRDA:12,2,1,0
BRF:6
BRH:0
end_of_record
TN:
SF:src\helpers\parseSong.js
FN:7,(anonymous_0)
FNF:1
FNH:0
FNDA:0,(anonymous_0)
DA:8,0
DA:9,0
DA:10,0
DA:11,0
DA:12,0
DA:14,0
DA:15,0
DA:17,0
DA:18,0
DA:20,0
DA:21,0
DA:23,0
DA:24,0
DA:26,0
DA:27,0
DA:29,0
DA:30,0
DA:33,0
DA:36,0
LF:19
LH:0
BRDA:11,0,0,0
BRDA:11,0,1,0
BRDA:14,1,0,0
BRDA:14,1,1,0
BRDA:14,2,0,0
BRDA:14,2,1,0
BRDA:17,3,0,0
BRDA:17,3,1,0
BRDA:17,4,0,0
BRDA:17,4,1,0
BRDA:20,5,0,0
BRDA:20,5,1,0
BRDA:20,6,0,0
BRDA:20,6,1,0
BRDA:20,6,2,0
BRDA:23,7,0,0
BRDA:23,7,1,0
BRDA:26,8,0,0
BRDA:26,8,1,0
BRDA:29,9,0,0
BRDA:29,9,1,0
BRF:21
BRH:0
end_of_record
TN:
SF:src\helpers\parseUser.js
FN:11,(anonymous_0)
FNF:1
FNH:0
FNDA:0,(anonymous_0)
DA:12,0
DA:13,0
DA:14,0
DA:15,0
DA:16,0
DA:18,0
DA:19,0
DA:21,0
DA:22,0
DA:24,0
DA:25,0
DA:27,0
DA:28,0
DA:31,0
DA:34,0
LF:15
LH:0
BRDA:15,0,0,0
BRDA:15,0,1,0
BRDA:18,1,0,0
BRDA:18,1,1,0
BRDA:18,2,0,0
BRDA:18,2,1,0
BRDA:18,2,2,0
BRDA:21,3,0,0
BRDA:21,3,1,0
BRDA:21,4,0,0
BRDA:21,4,1,0
BRDA:24,5,0,0
BRDA:24,5,1,0
BRDA:27,6,0,0
BRDA:27,6,1,0
BRF:15
BRH:0
end_of_record
TN:
SF:src\lib\Playlist.js
FN:10,(anonymous_0)
FN:27,(anonymous_1)
FN:43,(anonymous_2)
FN:60,(anonymous_3)
FN:78,(anonymous_4)
FN:89,(anonymous_5)
FN:103,(anonymous_6)
FN:117,(anonymous_7)
FNF:8
FNH:2
FNDA:0,(anonymous_0)
FNDA:0,(anonymous_1)
FNDA:0,(anonymous_2)
FNDA:0,(anonymous_3)
FNDA:0,(anonymous_4)
FNDA:3,(anonymous_5)
FNDA:1,(anonymous_6)
FNDA:0,(anonymous_7)
DA:11,0
DA:12,0
DA:16,0
DA:18,0
DA:28,0
DA:29,0
DA:34,0
DA:44,0
DA:45,0
DA:50,0
DA:61,0
DA:62,0
DA:63,0
DA:65,0
DA:69,0
DA:79,0
DA:80,0
DA:82,0
DA:90,3
DA:91,3
DA:92,1
DA:94,2
DA:95,2
DA:97,0
DA:104,1
DA:105,1
DA:107,0
DA:118,0
DA:119,0
DA:120,0
DA:124,0
DA:125,0
DA:127,0
LF:33
LH:7
BRDA:60,0,0,0
BRDA:62,1,0,0
BRDA:62,1,1,0
BRDA:89,2,0,1
BRDA:91,3,0,1
BRDA:91,3,1,2
BRF:6
BRH:3
end_of_record
TN:
SF:src\lib\Songs.js
FN:13,(anonymous_0)
FN:33,(anonymous_1)
FN:46,(anonymous_2)
FN:57,(anonymous_3)
FNF:4
FNH:1
FNDA:0,(anonymous_0)
FNDA:0,(anonymous_1)
FNDA:0,(anonymous_2)
FNDA:4,(anonymous_3)
DA:14,0
DA:15,0
DA:21,0
DA:23,0
DA:34,0
DA:35,0
DA:37,0
DA:47,0
DA:48,0
DA:50,0
DA:58,4
DA:59,4
DA:60,2
DA:62,2
DA:63,2
DA:65,0
LF:16
LH:5
BRDA:57,0,0,2
BRDA:59,1,0,2
BRDA:59,1,1,2
BRF:3
BRH:3
end_of_record
TN:
SF:src\lib\Users.js
FN:9,(anonymous_0)
FN:18,(anonymous_1)
FN:38,(anonymous_2)
FN:55,(anonymous_3)
FN:63,(anonymous_4)
FN:79,(anonymous_5)
FN:91,(anonymous_6)
FNF:7
FNH:3
FNDA:3,(anonymous_0)
FNDA:3,(anonymous_1)
FNDA:0,(anonymous_2)
FNDA:0,(anonymous_3)
FNDA:2,(anonymous_4)
FNDA:0,(anonymous_5)
FNDA:0,(anonymous_6)
DA:10,3
DA:19,3
DA:20,3
DA:21,2
DA:23,1
DA:24,1
DA:26,0
DA:39,0
DA:41,0
DA:42,0
DA:44,0
DA:56,0
DA:57,0
DA:58,0
DA:60,0
DA:64,2
DA:65,2
DA:70,0
DA:80,0
DA:81,0
DA:83,0
DA:92,0
DA:93,0
DA:95,0
LF:24
LH:8
BRDA:18,0,0,2
BRDA:20,1,0,2
BRDA:20,1,1,1
BRF:3
BRH:3
end_of_record
TN:
SF:src\middleware\auth.js
FN:21,(anonymous_0)
FN:31,(anonymous_1)
FN:36,(anonymous_2)
FNF:3
FNH:3
FNDA:6,(anonymous_0)
FNDA:9,(anonymous_1)
FNDA:6,(anonymous_2)
DA:7,1
DA:10,1
DA:11,1
DA:14,1
DA:20,1
DA:22,6
DA:23,6
DA:24,6
DA:26,0
DA:33,9
DA:34,3
DA:36,6
DA:37,6
DA:38,6
DA:40,6
DA:41,0
DA:42,0
DA:44,6
LF:18
LH:15
BRDA:33,0,0,3
BRDA:33,0,1,6
BRDA:33,1,0,9
BRDA:33,1,1,0
BRDA:33,1,2,9
BRDA:33,1,3,8
BRDA:40,2,0,0
BRDA:40,2,1,6
BRDA:40,3,0,6
BRDA:40,3,1,6
BRDA:40,3,2,6
BRDA:40,3,3,1
BRDA:40,3,4,0
BRF:13
BRH:10
end_of_record
